P1/Library/PramData/AndroidApplicationController/Cache/com.Unisimon.RAFNAF/gradle-project/launcher/build/intermediates/manifest_merge_blame_file/debug/manifest-merger-blame-debug-report.txt
1<?xml version="1.0" encoding="utf-8"?>
2<manifest xmlns:android="http://schemas.android.com/apk/res/android"
3    package="com.Unisimon.RAFNAF"
4    android:installLocation="preferExternal"
5    android:versionCode="1"
6    android:versionName="0.1" >
7
8    <uses-sdk
9        android:minSdkVersion="29"
9-->src\main\AndroidManifest.xml
10        android:targetSdkVersion="32" />
10-->src\main\AndroidManifest.xml
11
12    <supports-screens
12-->src\main\AndroidManifest.xml:4:3-163
13        android:anyDensity="true"
13-->src\main\AndroidManifest.xml:4:135-160
14        android:largeScreens="true"
14-->src\main\AndroidManifest.xml:4:78-105
15        android:normalScreens="true"
15-->src\main\AndroidManifest.xml:4:49-77
16        android:smallScreens="true"
16-->src\main\AndroidManifest.xml:4:21-48
17        android:xlargeScreens="true" />
17-->src\main\AndroidManifest.xml:4:106-134
18
19    <uses-permission android:name="android.permission.INTERNET" />
19-->[:unityLibrary] AndroidManifest.xml:10:5-67
19-->[:unityLibrary] AndroidManifest.xml:10:22-64
20    <uses-permission android:name="android.permission.CAMERA" />
20-->[:unityLibrary] AndroidManifest.xml:11:5-65
20-->[:unityLibrary] AndroidManifest.xml:11:22-62
21
22    <uses-feature android:glEsVersion="0x00030000" />
22-->[:unityLibrary] AndroidManifest.xml:13:5-54
22-->[:unityLibrary] AndroidManifest.xml:13:19-51
23    <uses-feature
23-->[:unityLibrary] AndroidManifest.xml:14:5-16:36
24        android:name="android.hardware.vulkan.version"
24-->[:unityLibrary] AndroidManifest.xml:15:9-55
25        android:required="false" />
25-->[:unityLibrary] AndroidManifest.xml:16:9-33
26    <uses-feature
26-->[:unityLibrary] AndroidManifest.xml:17:5-19:36
27        android:name="android.hardware.camera"
27-->[:unityLibrary] AndroidManifest.xml:18:9-47
28        android:required="true" />
28-->[:unityLibrary] AndroidManifest.xml:19:9-33
29    <uses-feature
29-->[:unityLibrary] AndroidManifest.xml:20:5-22:36
30        android:name="android.hardware.camera.autofocus"
30-->[:unityLibrary] AndroidManifest.xml:21:9-57
31        android:required="false" />
31-->[:unityLibrary] AndroidManifest.xml:22:9-33
32    <uses-feature
32-->[:unityLibrary] AndroidManifest.xml:23:5-25:36
33        android:name="android.hardware.camera.front"
33-->[:unityLibrary] AndroidManifest.xml:24:9-53
34        android:required="false" />
34-->[:unityLibrary] AndroidManifest.xml:25:9-33
35    <uses-feature
35-->[:unityLibrary] AndroidManifest.xml:26:5-28:36
36        android:name="android.hardware.touchscreen"
36-->[:unityLibrary] AndroidManifest.xml:27:9-52
37        android:required="false" />
37-->[:unityLibrary] AndroidManifest.xml:28:9-33
38    <uses-feature
38-->[:unityLibrary] AndroidManifest.xml:29:5-31:36
39        android:name="android.hardware.touchscreen.multitouch"
39-->[:unityLibrary] AndroidManifest.xml:30:9-63
40        android:required="false" />
40-->[:unityLibrary] AndroidManifest.xml:31:9-33
41    <uses-feature
41-->[:unityLibrary] AndroidManifest.xml:32:5-34:36
42        android:name="android.hardware.touchscreen.multitouch.distinct"
42-->[:unityLibrary] AndroidManifest.xml:33:9-72
43        android:required="false" />
43-->[:unityLibrary] AndroidManifest.xml:34:9-33
44
45    <queries>
45-->[com.google.ar:core:1.45.0] AndroidManifest.xml:20:5-27:15
46        <package android:name="com.google.ar.core" />
46-->[com.google.ar:core:1.45.0] AndroidManifest.xml:21:9-54
46-->[com.google.ar:core:1.45.0] AndroidManifest.xml:21:18-51
47        <package android:name="com.android.vending" />
47-->[com.google.ar:core:1.45.0] AndroidManifest.xml:22:9-55
47-->[com.google.ar:core:1.45.0] AndroidManifest.xml:22:18-52
48
49        <intent>
49-->[com.google.ar:core:1.45.0] AndroidManifest.xml:24:9-26:18
50            <action android:name="com.google.android.play.core.install.BIND_INSTALL_SERVICE" />
50-->[com.google.ar:core:1.45.0] AndroidManifest.xml:25:13-96
50-->[com.google.ar:core:1.45.0] AndroidManifest.xml:25:21-93
51        </intent>
52    </queries>
53    <!--
54        Required by Vuforia: Add this permission to access IMU sensors at high rate
55        for device tracker functionality on Android 12+.
56    -->
57    <uses-permission android:name="android.permission.HIGH_SAMPLING_RATE_SENSORS" /> <!-- Required by Vuforia: Add this permission to allow checking of network. -->
57-->[:VuforiaEngine:] AndroidManifest.xml:16:5-85
57-->[:VuforiaEngine:] AndroidManifest.xml:16:22-82
58    <uses-permission android:name="android.permission.ACCESS_NETWORK_STATE" />
58-->[:VuforiaEngine:] AndroidManifest.xml:19:5-79
58-->[:VuforiaEngine:] AndroidManifest.xml:19:22-76
59
60    <application
60-->src\main\AndroidManifest.xml:3:3-83
61        android:debuggable="true"
62        android:extractNativeLibs="true"
62-->[:unityLibrary] AndroidManifest.xml:36:18-50
63        android:icon="@mipmap/app_icon"
63-->src\main\AndroidManifest.xml:3:49-80
64        android:label="@string/app_name" >
64-->src\main\AndroidManifest.xml:3:16-48
65        <meta-data
65-->[:unityLibrary] AndroidManifest.xml:37:9-39:33
66            android:name="unity.splash-mode"
66-->[:unityLibrary] AndroidManifest.xml:38:13-45
67            android:value="0" />
67-->[:unityLibrary] AndroidManifest.xml:39:13-30
68        <meta-data
68-->[:unityLibrary] AndroidManifest.xml:40:9-42:36
69            android:name="unity.splash-enable"
69-->[:unityLibrary] AndroidManifest.xml:41:13-47
70            android:value="True" />
70-->[:unityLibrary] AndroidManifest.xml:42:13-33
71        <meta-data
71-->[:unityLibrary] AndroidManifest.xml:43:9-45:36
72            android:name="unity.launch-fullscreen"
72-->[:unityLibrary] AndroidManifest.xml:44:13-51
73            android:value="True" />
73-->[:unityLibrary] AndroidManifest.xml:45:13-33
74        <meta-data
74-->[:unityLibrary] AndroidManifest.xml:46:9-48:37
75            android:name="unity.allow-resizable-window"
75-->[:unityLibrary] AndroidManifest.xml:47:13-56
76            android:value="False" />
76-->[:unityLibrary] AndroidManifest.xml:48:13-34
77        <meta-data
77-->[:unityLibrary] AndroidManifest.xml:49:9-51:50
78            android:name="notch.config"
78-->[:unityLibrary] AndroidManifest.xml:50:13-40
79            android:value="portrait|landscape" />
79-->[:unityLibrary] AndroidManifest.xml:51:13-47
80        <meta-data
80-->[:unityLibrary] AndroidManifest.xml:52:9-54:36
81            android:name="unity.auto-report-fully-drawn"
81-->[:unityLibrary] AndroidManifest.xml:53:13-57
82            android:value="true" />
82-->[:unityLibrary] AndroidManifest.xml:54:13-33
83
84        <activity
84-->[:unityLibrary] AndroidManifest.xml:56:9-77:20
85            android:name="com.unity3d.player.UnityPlayerActivity"
85-->[:unityLibrary] AndroidManifest.xml:57:13-66
86            android:configChanges="mcc|mnc|locale|touchscreen|keyboard|keyboardHidden|navigation|orientation|screenLayout|uiMode|screenSize|smallestScreenSize|fontScale|layoutDirection|density"
86-->[:unityLibrary] AndroidManifest.xml:58:13-194
87            android:exported="true"
87-->[:unityLibrary] AndroidManifest.xml:59:13-36
88            android:hardwareAccelerated="false"
88-->[:unityLibrary] AndroidManifest.xml:60:13-48
89            android:launchMode="singleTask"
89-->[:unityLibrary] AndroidManifest.xml:61:13-44
90            android:resizeableActivity="false"
90-->[:unityLibrary] AndroidManifest.xml:62:13-47
91            android:screenOrientation="fullUser"
91-->[:unityLibrary] AndroidManifest.xml:63:13-49
92            android:theme="@style/UnityThemeSelector" >
92-->[:unityLibrary] AndroidManifest.xml:64:13-54
93            <intent-filter>
93-->[:unityLibrary] AndroidManifest.xml:65:13-69:29
94                <category android:name="android.intent.category.LAUNCHER" />
94-->[:unityLibrary] AndroidManifest.xml:66:17-77
94-->[:unityLibrary] AndroidManifest.xml:66:27-74
95
96                <action android:name="android.intent.action.MAIN" />
96-->[:unityLibrary] AndroidManifest.xml:68:17-69
96-->[:unityLibrary] AndroidManifest.xml:68:25-66
97            </intent-filter>
98
99            <meta-data
99-->[:unityLibrary] AndroidManifest.xml:71:13-73:40
100                android:name="unityplayer.UnityActivity"
100-->[:unityLibrary] AndroidManifest.xml:72:17-57
101                android:value="true" />
101-->[:unityLibrary] AndroidManifest.xml:73:17-37
102            <meta-data
102-->[:unityLibrary] AndroidManifest.xml:74:13-76:40
103                android:name="notch_support"
103-->[:unityLibrary] AndroidManifest.xml:75:17-45
104                android:value="true" />
104-->[:unityLibrary] AndroidManifest.xml:76:17-37
105        </activity>
106
107        <meta-data
107-->[:unityLibrary] AndroidManifest.xml:79:9-81:40
108            android:name="com.google.ar.core"
108-->[:unityLibrary] AndroidManifest.xml:80:13-46
109            android:value="optional" /> <!-- The minimal version code of ARCore APK required for an app using this SDK. -->
109-->[:unityLibrary] AndroidManifest.xml:81:13-37
110        <meta-data
110-->[com.google.ar:core:1.45.0] AndroidManifest.xml:32:9-34:41
111            android:name="com.google.ar.core.min_apk_version"
111-->[com.google.ar:core:1.45.0] AndroidManifest.xml:33:13-62
112            android:value="241930000" /> <!-- This activity is critical for installing ARCore when it is not already present. -->
112-->[com.google.ar:core:1.45.0] AndroidManifest.xml:34:13-38
113        <activity
113-->[com.google.ar:core:1.45.0] AndroidManifest.xml:36:9-42:80
114            android:name="com.google.ar.core.InstallActivity"
114-->[com.google.ar:core:1.45.0] AndroidManifest.xml:37:13-62
115            android:configChanges="keyboardHidden|orientation|screenSize"
115-->[com.google.ar:core:1.45.0] AndroidManifest.xml:38:13-74
116            android:excludeFromRecents="true"
116-->[com.google.ar:core:1.45.0] AndroidManifest.xml:39:13-46
117            android:exported="false"
117-->[com.google.ar:core:1.45.0] AndroidManifest.xml:40:13-37
118            android:launchMode="singleTop"
118-->[com.google.ar:core:1.45.0] AndroidManifest.xml:41:13-43
119            android:theme="@android:style/Theme.Material.Light.Dialog.Alert" />
119-->[com.google.ar:core:1.45.0] AndroidManifest.xml:42:13-77
120
121        <provider
121-->[:VuforiaEngine:] AndroidManifest.xml:25:9-33:20
122            android:name="com.vuforia.engine.app.VuforiaContentProvider"
122-->[:VuforiaEngine:] AndroidManifest.xml:26:13-73
123            android:authorities="com.Unisimon.RAFNAF.vuforia.share"
123-->[:VuforiaEngine:] AndroidManifest.xml:27:13-65
124            android:exported="false"
124-->[:VuforiaEngine:] AndroidManifest.xml:28:13-37
125            android:grantUriPermissions="true" >
125-->[:VuforiaEngine:] AndroidManifest.xml:29:13-47
126            <meta-data
126-->[:VuforiaEngine:] AndroidManifest.xml:30:13-32:53
127                android:name="android.support.FILE_PROVIDER_PATHS"
127-->[:VuforiaEngine:] AndroidManifest.xml:31:17-67
128                android:resource="@xml/filepaths" />
128-->[:VuforiaEngine:] AndroidManifest.xml:32:17-50
129        </provider>
130    </application>
131
132</manifest>